2026-06-24 14:39:27,150: INFO : Session begins
2026-06-24 14:40:21,976: INFO : Session begins
2026-06-24 14:43:53,536: INFO : Session begins
2026-06-24 14:44:58,044: INFO : Session begins
2026-06-24 14:48:17,063: INFO : Session begins
2026-06-24 14:49:47,428: INFO : Session begins
2026-06-24 15:19:42,944: INFO : Session begins
2026-06-24 15:20:41,147: INFO : Session begins
2026-06-24 15:21:14,283: INFO : Session begins
2026-06-24 15:21:19,295: INFO : Session begins
2026-06-24 15:21:52,506: INFO : Session begins
2026-06-24 15:22:19,111: INFO : Session begins
2026-06-24 15:25:30,875: INFO : Session begins
2026-06-24 15:25:45,613: INFO : Session begins
2026-06-24 15:26:09,788: INFO : Session begins
2026-06-24 15:26:17,569: INFO : Session begins
2026-06-24 15:47:50,110: INFO : Session begins
2026-06-24 15:48:10,470: INFO : Session begins
2026-06-24 15:49:08,025: INFO : Session begins
2026-06-24 15:54:20,730: INFO : Session begins
2026-06-24 15:54:34,473: INFO : Session begins
2026-06-24 15:54:57,037: INFO : Session begins
2026-06-24 15:55:19,733: INFO : Session begins
2026-06-24 15:55:27,974: INFO : Session begins
2026-06-24 15:55:33,367: INFO : Session begins
2026-06-24 16:36:28,771: INFO : Session begins
2026-06-24 16:36:28,814: INFO : Authentication Repo..
2026-06-24 16:38:18,822: INFO : Session begins
2026-06-24 16:38:18,859: INFO : Authentication Repo..
2026-06-24 16:38:20,593: INFO : Authentication Router..
2026-06-24 16:39:33,955: INFO : Session begins
2026-06-24 16:39:33,974: INFO : Authentication Repo..
2026-06-24 16:39:34,283: INFO : Authentication Router..
2026-06-24 16:41:41,444: INFO : Session begins
2026-06-24 16:41:41,463: INFO : Authentication Repo..
2026-06-24 16:41:41,766: INFO : Authentication Router..
2026-06-24 16:41:41,950: INFO : User Router..
2026-06-24 16:43:07,425: INFO : Session begins
2026-06-24 16:43:07,443: INFO : Authentication Repo..
2026-06-24 16:43:07,646: INFO : Authentication Router..
2026-06-24 16:43:07,713: INFO : User Router..
2026-06-24 16:43:11,959: INFO : Session begins
2026-06-24 16:43:11,987: INFO : Authentication Repo..
2026-06-24 16:43:12,421: INFO : Authentication Router..
2026-06-24 16:43:12,490: INFO : User Router..
2026-06-24 16:44:01,278: INFO : Session begins
2026-06-24 16:44:01,301: INFO : Authentication Repo..
2026-06-24 16:44:01,518: INFO : Authentication Router..
2026-06-24 16:44:01,582: INFO : User Router..
2026-06-24 16:44:09,281: INFO : Session begins
2026-06-24 16:44:09,315: INFO : Authentication Repo..
2026-06-24 16:44:09,552: INFO : Authentication Router..
2026-06-24 16:44:09,634: INFO : User Router..
2026-06-24 16:45:29,226: INFO : Session begins
2026-06-24 16:45:29,269: INFO : Authentication Repo..
2026-06-24 16:45:29,526: INFO : Authentication Router..
2026-06-24 16:45:29,613: INFO : User Router..
2026-06-24 16:45:34,202: INFO : Session begins
2026-06-24 16:45:34,222: INFO : Authentication Repo..
2026-06-24 16:45:34,393: INFO : Authentication Router..
2026-06-24 16:45:34,447: INFO : User Router..
2026-06-24 16:45:52,476: INFO : Session begins
2026-06-24 16:45:52,493: INFO : Authentication Repo..
2026-06-24 16:45:52,721: INFO : Authentication Router..
2026-06-24 16:45:57,514: INFO : Session begins
2026-06-24 16:45:57,547: INFO : Authentication Repo..
2026-06-24 16:45:57,772: INFO : Authentication Router..
2026-06-24 16:46:05,176: INFO : Session begins
2026-06-24 16:46:05,206: INFO : Authentication Repo..
2026-06-24 16:46:05,421: INFO : Authentication Router..
2026-06-24 16:46:05,469: INFO : User Router..
2026-06-24 16:46:24,916: INFO : Session begins
2026-06-24 16:46:24,933: INFO : Authentication Repo..
2026-06-24 16:46:25,062: INFO : Authentication Router..
2026-06-24 16:46:25,097: INFO : User Router..
2026-06-24 16:46:54,575: INFO : Session begins
2026-06-24 16:46:54,597: INFO : Authentication Repo..
2026-06-24 16:46:57,732: INFO : Session begins
2026-06-24 16:46:57,749: INFO : Authentication Repo..
2026-06-24 16:47:05,981: INFO : Session begins
2026-06-24 16:47:06,015: INFO : Authentication Repo..
2026-06-24 16:47:10,011: INFO : Session begins
2026-06-24 16:47:10,040: INFO : Authentication Repo..
2026-06-24 16:47:16,432: INFO : Session begins
2026-06-24 16:47:16,466: INFO : Authentication Repo..
2026-06-24 16:47:22,111: INFO : Session begins
2026-06-24 16:47:22,137: INFO : Authentication Repo..
2026-06-24 16:47:22,422: INFO : Authentication Router..
2026-06-24 16:47:22,513: INFO : User Router..
2026-06-24 16:47:27,530: INFO : Session begins
2026-06-24 16:47:27,555: INFO : Authentication Repo..
2026-06-24 16:47:27,807: INFO : Authentication Router..
2026-06-24 16:47:27,896: INFO : User Router..
2026-06-24 16:47:32,928: INFO : Session begins
2026-06-24 16:47:32,969: INFO : Authentication Repo..
2026-06-24 16:47:33,239: INFO : Authentication Router..
2026-06-24 16:47:33,303: INFO : User Router..
2026-06-24 16:47:49,448: INFO : Session begins
2026-06-24 16:47:49,474: INFO : Authentication Repo..
2026-06-24 16:47:49,748: INFO : Authentication Router..
2026-06-24 16:47:49,794: INFO : User Router..
2026-06-24 16:47:52,540: INFO : Session begins
2026-06-24 16:47:52,561: INFO : Authentication Repo..
2026-06-24 16:47:52,695: INFO : Authentication Router..
2026-06-24 16:47:52,739: INFO : User Router..
2026-06-24 16:48:24,778: INFO : Session begins
2026-06-24 16:48:24,801: INFO : Authentication Repo..
2026-06-24 16:48:25,041: INFO : Authentication Router..
2026-06-24 16:48:25,118: INFO : User Router..
2026-06-24 16:48:29,262: INFO : Session begins
2026-06-24 16:48:29,282: INFO : Authentication Repo..
2026-06-24 16:48:29,422: INFO : Authentication Router..
2026-06-24 16:48:29,458: INFO : User Router..
2026-06-24 16:48:33,886: INFO : Session begins
2026-06-24 16:48:33,927: INFO : Authentication Repo..
2026-06-24 16:48:34,125: INFO : Authentication Router..
2026-06-24 16:48:34,191: INFO : User Router..
2026-06-24 16:48:38,952: INFO : Session begins
2026-06-24 16:48:38,972: INFO : Authentication Repo..
2026-06-24 16:48:39,122: INFO : Authentication Router..
2026-06-24 16:48:39,210: INFO : User Router..
2026-06-24 16:48:44,129: INFO : Session begins
2026-06-24 16:48:44,166: INFO : Authentication Repo..
2026-06-24 16:48:44,360: INFO : Authentication Router..
2026-06-24 16:48:48,089: INFO : Session begins
2026-06-24 16:48:48,137: INFO : Authentication Repo..
2026-06-24 16:48:48,531: INFO : Authentication Router..
2026-06-24 16:48:54,506: INFO : Session begins
2026-06-24 16:48:54,534: INFO : Authentication Repo..
2026-06-24 16:48:54,748: INFO : Authentication Router..
2026-06-24 16:48:54,824: INFO : User Router..
2026-06-24 16:48:58,376: INFO : Session begins
2026-06-24 16:48:58,408: INFO : Authentication Repo..
2026-06-24 16:48:58,564: INFO : Authentication Router..
2026-06-24 16:48:58,608: INFO : User Router..
2026-06-24 16:49:12,771: INFO : Session begins
2026-06-24 16:49:12,806: INFO : Authentication Repo..
2026-06-24 16:49:13,016: INFO : Authentication Router..
2026-06-24 16:49:13,082: INFO : User Router..
2026-06-24 16:49:17,771: INFO : Session begins
2026-06-24 16:49:17,789: INFO : Authentication Repo..
2026-06-24 16:49:17,949: INFO : Authentication Router..
2026-06-24 16:49:17,994: INFO : User Router..
2026-06-24 16:49:43,883: INFO : login attempted..
2026-06-24 16:49:43,889: INFO : SESSION CLOSED
2026-06-24 16:50:48,761: INFO : Session begins
2026-06-24 16:50:48,832: INFO : Authentication Repo..
2026-06-24 16:50:49,072: INFO : Authentication Router..
2026-06-24 16:50:49,159: INFO : User Router..
2026-06-24 16:50:55,046: INFO : Session begins
2026-06-24 16:50:55,073: INFO : Authentication Repo..
2026-06-24 16:50:55,240: INFO : Authentication Router..
2026-06-24 16:50:55,289: INFO : User Router..
2026-06-24 16:50:57,952: INFO : Session begins
2026-06-24 16:50:57,976: INFO : Authentication Repo..
2026-06-24 16:50:58,118: INFO : Authentication Router..
2026-06-24 16:50:58,158: INFO : User Router..
2026-06-24 16:51:24,928: INFO : Session begins
2026-06-24 16:51:24,966: INFO : Authentication Repo..
2026-06-24 16:51:25,121: INFO : Authentication Router..
2026-06-24 16:51:25,157: INFO : User Router..
2026-06-24 16:55:52,887: INFO : Session begins
2026-06-24 16:55:52,913: INFO : Authentication Repo..
2026-06-24 16:55:53,211: INFO : Authentication Router..
2026-06-24 16:55:53,293: INFO : User Router..
2026-06-24 16:56:55,994: INFO : Session begins
2026-06-24 16:57:19,192: INFO : Session begins
2026-06-24 16:57:39,554: INFO : Session begins
2026-06-24 16:57:44,780: INFO : Session begins
2026-06-24 16:57:48,172: INFO : Session begins
2026-06-24 16:57:53,626: INFO : Session begins
2026-06-24 16:57:58,908: INFO : Session begins
2026-06-24 16:58:15,507: INFO : Session begins
2026-06-24 16:58:21,717: INFO : Session begins
2026-06-24 16:58:25,733: INFO : Session begins
2026-06-24 16:58:29,544: INFO : Session begins
2026-06-24 16:58:33,929: INFO : Session begins
2026-06-24 16:58:39,646: INFO : Session begins
2026-06-24 16:58:44,102: INFO : Session begins
2026-06-24 16:58:48,555: INFO : Session begins
2026-06-24 16:58:52,814: INFO : Session begins
2026-06-24 16:58:57,732: INFO : Session begins
2026-06-24 16:59:01,235: INFO : Session begins
2026-06-24 16:59:04,369: INFO : Session begins
2026-06-24 16:59:26,248: INFO : Session begins
2026-06-24 16:59:36,454: INFO : Session begins
2026-06-24 16:59:40,690: INFO : Session begins
2026-06-24 17:00:18,476: INFO : Session begins
2026-06-24 17:00:22,343: INFO : Session begins
2026-06-24 17:00:25,464: INFO : Session begins
2026-06-24 17:01:04,972: INFO : Session begins
2026-06-24 17:01:08,887: INFO : Session begins
2026-06-24 17:01:13,563: INFO : Session begins
2026-06-24 17:01:40,871: INFO : Session begins
2026-06-24 17:01:45,691: INFO : Session begins
2026-06-24 17:01:50,359: INFO : Session begins
2026-06-24 17:01:54,555: INFO : Session begins
2026-06-24 17:02:02,662: INFO : Session begins
2026-06-24 17:02:14,919: INFO : Session begins
2026-06-24 17:02:23,239: INFO : Session begins
2026-06-24 17:02:27,263: INFO : Session begins
2026-06-24 17:02:29,995: INFO : Session begins
2026-06-24 17:02:40,978: INFO : Session begins
2026-06-24 17:02:46,890: INFO : Session begins
2026-06-24 17:02:51,875: INFO : Session begins
2026-06-24 17:02:54,895: INFO : Session begins
2026-06-24 17:02:57,705: INFO : Session begins
2026-06-24 17:03:15,507: INFO : Session begins
2026-06-24 17:03:15,533: INFO : Authentication Repo..
2026-06-24 17:03:15,732: INFO : Authentication Router..
2026-06-24 17:03:15,788: INFO : User Router..
2026-06-24 17:03:21,850: INFO : login attempted..
2026-06-24 17:03:22,190: INFO : SESSION CLOSED
2026-06-24 17:04:07,644: INFO : Session begins
2026-06-24 17:04:07,672: INFO : Authentication Repo..
2026-06-24 17:04:07,843: INFO : Authentication Router..
2026-06-24 17:04:07,882: INFO : User Router..
2026-06-24 17:04:07,909: INFO : login attempted..
2026-06-24 17:04:08,149: INFO : SESSION CLOSED
2026-06-24 17:04:42,487: INFO : Session begins
2026-06-24 17:04:42,508: INFO : Authentication Repo..
2026-06-24 17:04:42,627: INFO : Authentication Router..
2026-06-24 17:04:42,664: INFO : User Router..
2026-06-24 17:04:45,508: INFO : Session begins
2026-06-24 17:04:45,532: INFO : Authentication Repo..
2026-06-24 17:04:45,708: INFO : Authentication Router..
2026-06-24 17:04:45,750: INFO : User Router..
2026-06-24 17:04:46,499: INFO : login attempted..
2026-06-24 17:04:46,613: INFO : SESSION CLOSED
2026-06-24 17:05:23,593: INFO : Session begins
2026-06-24 17:05:27,255: INFO : Session begins
2026-06-24 17:05:27,279: INFO : Authentication Repo..
2026-06-24 17:05:27,408: INFO : Authentication Router..
2026-06-24 17:05:27,448: INFO : User Router..
2026-06-24 17:06:14,896: INFO : Session begins
2026-06-24 17:06:18,009: INFO : Session begins
2026-06-24 17:06:20,342: INFO : Session begins
2026-06-24 17:06:26,319: INFO : Session begins
2026-06-24 17:06:41,007: INFO : Session begins
2026-06-24 17:06:55,761: INFO : Session begins
2026-06-24 17:07:02,361: INFO : Session begins
2026-06-24 17:07:02,382: INFO : Authentication Repo..
2026-06-24 17:07:02,536: INFO : Authentication Router..
2026-06-24 17:07:02,576: INFO : User Router..
2026-06-24 17:07:05,221: INFO : Session begins
2026-06-24 17:07:05,245: INFO : Authentication Repo..
2026-06-24 17:07:05,369: INFO : Authentication Router..
2026-06-24 17:07:05,407: INFO : User Router..
2026-06-24 17:07:15,744: INFO : Session begins
2026-06-24 17:07:15,766: INFO : Authentication Repo..
2026-06-24 17:07:15,914: INFO : Authentication Router..
2026-06-24 17:07:15,960: INFO : User Router..
2026-06-24 17:07:29,867: INFO : Session begins
2026-06-24 17:07:37,088: INFO : Session begins
2026-06-24 17:07:37,146: INFO : Authentication Repo..
2026-06-24 17:07:37,477: INFO : Authentication Router..
2026-06-24 17:07:37,543: INFO : User Router..
2026-06-24 17:07:45,671: INFO : Session begins
2026-06-24 17:07:48,543: INFO : Session begins
2026-06-24 17:07:51,867: INFO : Session begins
2026-06-24 17:07:57,256: INFO : Session begins
2026-06-24 17:08:00,670: INFO : Session begins
2026-06-24 17:08:04,885: INFO : Session begins
2026-06-24 17:08:07,951: INFO : Session begins
2026-06-24 17:08:10,619: INFO : Session begins
2026-06-24 17:08:30,376: INFO : Session begins
2026-06-24 17:08:30,404: INFO : Authentication Repo..
2026-06-24 17:08:30,562: INFO : Authentication Router..
2026-06-24 17:08:30,605: INFO : User Router..
2026-06-24 17:08:45,520: INFO : Session begins
2026-06-24 17:08:45,607: INFO : Authentication Repo..
2026-06-24 17:08:45,805: INFO : Authentication Router..
2026-06-24 17:08:45,855: INFO : User Router..
2026-06-24 17:08:45,892: INFO : login attempted..
2026-06-24 17:08:46,031: INFO : SESSION CLOSED
2026-06-24 17:09:18,087: INFO : Session begins
2026-06-24 17:09:18,110: INFO : Authentication Repo..
2026-06-24 17:09:18,229: INFO : Authentication Router..
2026-06-24 17:09:18,271: INFO : User Router..
2026-06-24 17:09:26,971: INFO : login attempted..
2026-06-24 17:09:27,205: INFO : SESSION CLOSED
2026-06-24 17:13:29,647: INFO : Session begins
2026-06-24 17:13:29,671: INFO : Authentication Repo..
2026-06-24 17:13:29,837: INFO : Authentication Router..
2026-06-24 17:13:29,880: INFO : User Router..
2026-06-24 17:13:32,848: INFO : Session begins
2026-06-24 17:13:32,870: INFO : Authentication Repo..
2026-06-24 17:13:33,294: INFO : Authentication Router..
2026-06-24 17:13:33,390: INFO : User Router..
2026-06-24 17:13:34,311: INFO : login attempted..
2026-06-24 17:13:34,536: INFO : SESSION CLOSED
2026-06-24 17:15:20,217: INFO : Session begins
2026-06-24 17:15:20,240: INFO : Authentication Repo..
2026-06-24 17:15:20,376: INFO : Authentication Router..
2026-06-24 17:15:20,419: INFO : User Router..
2026-06-24 17:15:20,447: INFO : login attempted..
2026-06-24 17:15:20,611: INFO : SESSION CLOSED
2026-06-24 17:16:10,735: INFO : Session begins
2026-06-24 17:16:10,757: INFO : Authentication Repo..
2026-06-24 17:16:10,887: INFO : Authentication Router..
2026-06-24 17:16:10,931: INFO : User Router..
